<?xml version="1.0" encoding="UTF-8"?>
<!-- Generated by org.testng.reporters.JUnitReportReporter -->
<testsuite skipped="0" hostname="LAPTOP-TPBH9F1G" name="testcase.DownloadFileTest" tests="1" failures="0" timestamp="2020-07-26T19:34:36 IST" time="7.575" errors="0">
  <testcase name="downloadFile" time="7.575" classname="testcase.DownloadFileTest"/>
  <system-out/>
</testsuite> <!-- testcase.DownloadFileTest -->
